-------------------------------------------------------------------------------
Test set: com.examly.springapp.SpringappApplicationTests
-------------------------------------------------------------------------------
Tests run: 4, Failures: 1, Errors: 0, Skipped: 0, Time elapsed: 8.1 s <<< FAILURE! - in com.examly.springapp.SpringappApplicationTests
BE_Update_Plan  Time elapsed: 0.261 s  <<< FAILURE!
java.lang.AssertionError: Status expected:<200> but was:<404>
	at com.examly.springapp.SpringappApplicationTests.BE_Update_Plan(SpringappApplicationTests.java:72)

